<?xml version="1.0" encoding="UTF-8"?>
<testng-results ignored="0" total="1" passed="1" failed="0" skipped="0">
  <reporter-output>
  </reporter-output>
  <suite started-at="2020-06-07T21:58:22 SGT" name="Default suite" finished-at="2020-06-07T21:58:29 SGT" duration-ms="7489">
    <groups>
    </groups>
    <test started-at="2020-06-07T21:58:22 SGT" name="Default test" finished-at="2020-06-07T21:58:29 SGT" duration-ms="7489">
      <class name="testcases.TC_001">
        <test-method signature="testcase1()[pri:0, instance:testcases.TC_001@184cf7cf]" started-at="2020-06-07T21:58:22 SGT" name="testcase1" finished-at="2020-06-07T21:58:29 SGT" duration-ms="7417" status="PASS">
          <reporter-output>
          </reporter-output>
        </test-method> <!-- testcase1 -->
      </class> <!-- testcases.TC_001 -->
    </test> <!-- Default test -->
  </suite> <!-- Default suite -->
</testng-results>
